#
# There is insufficient memory for the Java Runtime Environment to continue.
# Native memory allocation (mmap) failed to map 134217728 bytes for Failed to commit area from 0x0000000080800000 to 0x0000000088800000 of length 134217728.
# Possible reasons:
#   The system is out of physical RAM or swap space
#   The process is running with CompressedOops enabled, and the Java Heap may be blocking the growth of the native heap
# Possible solutions:
#   Reduce memory load on the system
#   Increase physical memory or swap space
#   Check if swap backing store is full
#   Decrease Java heap size (-Xmx/-Xms)
#   Decrease number of Java threads
#   Decrease Java thread stack sizes (-Xss)
#   Set larger code cache with -XX:ReservedCodeCacheSize=
# This output file may be truncated or incomplete.
#
#  Out of Memory Error (c:/BuildAgent/work/5ff2f6c26000d570/src/hotspot/os/windows/os_windows.cpp:3291), pid=3480, tid=9364
#
# JRE version:  (11.0.5+10) (build )
# Java VM: OpenJDK 64-Bit Server VM (11.0.5+10-b520.38, mixed mode, aot, sharing, tiered, compressed oops, g1 gc, windows-amd64)
# No core dump will be written. Minidumps are not enabled by default on client versions of Windows
#

---------------  S U M M A R Y ------------

Command Line: org.jetbrains.git4idea.http.GitAskPassApp Username for 'https://github.com': 

Host: Intel(R) Core(TM) i5-3330 CPU @ 3.00GHz, 4 cores, 7G,  Windows 10 , 64 bit Build 18362 (10.0.18362.86)
Time: Mon Mar 16 11:55:06 2020 ?D1¨²¡À¨º¡Á?¨º¡À?? elapsed time: 0 seconds (0d 0h 0m 0s)

---------------  T H R E A D  ---------------

Current thread (0x0000012bb722a800):  JavaThread "Unknown thread" [_thread_in_vm, id=9364, stack(0x00000020b8300000,0x00000020b8400000)]

Stack: [0x00000020b8300000,0x00000020b8400000]
Native frames: (J=compiled Java code, j=interpreted, Vv=VM code, C=native code)
V  [jvm.dll+0x5dcafa]
V  [jvm.dll+0x70e375]
V  [jvm.dll+0x70f898]
V  [jvm.dll+0x70ff63]
V  [jvm.dll+0x23e238]
V  [jvm.dll+0x5da1c4]
V  [jvm.dll+0x5cf265]
V  [jvm.dll+0x2fac3b]
V  [jvm.dll+0x2fabaa]
V  [jvm.dll+0x2faa82]
V  [jvm.dll+0x2ff956]
V  [jvm.dll+0x3480d3]
V  [jvm.dll+0x3487d6]
V  [jvm.dll+0x3481d3]
V  [jvm.dll+0x2d5548]
V  [jvm.dll+0x2d66e7]
V  [jvm.dll+0x6ed237]
V  [jvm.dll+0x6eea2c]
V  [jvm.dll+0x355849]
V  [jvm.dll+0x6d239e]
V  [jvm.dll+0x3be283]
V  [jvm.dll+0x3c0701]
C  [jli.dll+0x5363]
C  [ucrtbase.dll+0x1d912]
C  [KERNEL32.DLL+0x17bd4]
C  [ntdll.dll+0x6ce71]


---------------  P R O C E S S  ---------------

Threads class SMR info:
_java_thread_list=0x0000012bb5088df0, length=0, elements={
}

Java Threads: ( => current thread )

Other Threads:
  0x0000012bb7242000 GCTaskThread "GC Thread#0" [stack: 0x00000020b8400000,0x00000020b8500000] [id=14232]
  0x0000012bb7274800 ConcurrentGCThread "G1 Main Marker" [stack: 0x00000020b8500000,0x00000020b8600000] [id=7052]
  0x0000012bb7275800 ConcurrentGCThread "G1 Conc#0" [stack: 0x00000020b8600000,0x00000020b8700000] [id=5012]

[error occurred during error reporting (printing all threads), id 0xc0000005, EXCEPTION_ACCESS_VIOLATION (0xc0000005) at pc=0x00007ff967eb5c17]

VM state:not at safepoint (not fully initialized)

VM Mutex/Monitor currently owned by a thread:  ([mutex/lock_event])
[0x0000012bb7227850] Heap_lock - owner thread: 0x0000012bb722a800

Heap address: 0x0000000080800000, size: 2040 MB, Compressed Oops mode: Non-zero based: 0x0000000080800000
Narrow klass base: 0x0000000000000000, Narrow klass shift: 0

GC Heap History (0 events):
No events

Deoptimization events (0 events):
No events

Classes redefined (0 events):
No events

Internal exceptions (0 events):
No events

Events (0 events):
No events


Dynamic libraries:
0x00007ff781630000 - 0x00007ff78163a000 	D:\software\IntelliJ IDEA 2019.3.3\jbr\bin\java.exe
0x00007ff9a7560000 - 0x00007ff9a7750000 	C:\Windows\SYSTEM32\ntdll.dll
0x00007ff9a62b0000 - 0x00007ff9a6362000 	C:\Windows\System32\KERNEL32.DLL
0x00007ff9a49a0000 - 0x00007ff9a4c43000 	C:\Windows\System32\KERNELBASE.dll
0x00007ff9a5500000 - 0x00007ff9a55fa000 	C:\Windows\System32\ucrtbase.dll
0x00007ff9950e0000 - 0x00007ff9950f9000 	D:\software\IntelliJ IDEA 2019.3.3\jbr\bin\jli.dll
0x00007ff96ab40000 - 0x00007ff96ab57000 	D:\software\IntelliJ IDEA 2019.3.3\jbr\bin\VCRUNTIME140.dll
0x00007ff9a6490000 - 0x00007ff9a6623000 	C:\Windows\System32\USER32.dll
0x00007ff9a46a0000 - 0x00007ff9a46c1000 	C:\Windows\System32\win32u.dll
0x00007ff99d260000 - 0x00007ff99d4e5000 	C:\Windows\WinSxS\amd64_microsoft.windows.common-controls_6595b64144ccf1df_6.0.18362.175_none_e6c3ab1f131014c9\COMCTL32.dll
0x00007ff9a6f40000 - 0x00007ff9a6f66000 	C:\Windows\System32\GDI32.dll
0x00007ff9a6630000 - 0x00007ff9a66ce000 	C:\Windows\System32\msvcrt.dll
0x00007ff9a4800000 - 0x00007ff9a4994000 	C:\Windows\System32\gdi32full.dll
0x00007ff9a69f0000 - 0x00007ff9a6d26000 	C:\Windows\System32\combase.dll
0x00007ff9a46d0000 - 0x00007ff9a476e000 	C:\Windows\System32\msvcp_win.dll
0x00007ff9a5620000 - 0x00007ff9a5740000 	C:\Windows\System32\RPCRT4.dll
0x00007ff9a4770000 - 0x00007ff9a47f1000 	C:\Windows\System32\bcryptPrimitives.dll
0x00007ff9a6e90000 - 0x00007ff9a6ebe000 	C:\Windows\System32\IMM32.DLL
0x00007ff969af0000 - 0x00007ff969b8d000 	D:\software\IntelliJ IDEA 2019.3.3\jbr\bin\msvcp140.dll
0x00007ff967bd0000 - 0x00007ff96868b000 	D:\software\IntelliJ IDEA 2019.3.3\jbr\bin\server\jvm.dll
0x00007ff9a5890000 - 0x00007ff9a5933000 	C:\Windows\System32\ADVAPI32.dll
0x00007ff9a6370000 - 0x00007ff9a6407000 	C:\Windows\System32\sechost.dll
0x00007ff9a6ed0000 - 0x00007ff9a6ed8000 	C:\Windows\System32\PSAPI.DLL
0x00007ff989090000 - 0x00007ff989099000 	C:\Windows\SYSTEM32\WSOCK32.dll
0x00007ff9a2520000 - 0x00007ff9a2544000 	C:\Windows\SYSTEM32\WINMM.dll
0x00007ff99ff90000 - 0x00007ff99ff9a000 	C:\Windows\SYSTEM32\VERSION.dll
0x00007ff9a6410000 - 0x00007ff9a647f000 	C:\Windows\System32\WS2_32.dll
0x00007ff9a24f0000 - 0x00007ff9a251d000 	C:\Windows\SYSTEM32\WINMMBASE.dll
0x00007ff9a54b0000 - 0x00007ff9a54fa000 	C:\Windows\System32\cfgmgr32.dll
0x00007ff9a44b0000 - 0x00007ff9a44c1000 	C:\Windows\System32\kernel.appcore.dll
0x00007ff989070000 - 0x00007ff989081000 	D:\software\IntelliJ IDEA 2019.3.3\jbr\bin\verify.dll
0x00007ff97c5c0000 - 0x00007ff97c7b4000 	C:\Windows\SYSTEM32\DBGHELP.DLL
0x00007ff995100000 - 0x00007ff99512a000 	C:\Windows\SYSTEM32\dbgcore.DLL
0x00007ff989040000 - 0x00007ff989069000 	D:\software\IntelliJ IDEA 2019.3.3\jbr\bin\java.dll
0x00007ff989020000 - 0x00007ff989037000 	D:\software\IntelliJ IDEA 2019.3.3\jbr\bin\zip.dll
0x00007ff989010000 - 0x00007ff98901b000 	D:\software\IntelliJ IDEA 2019.3.3\jbr\bin\jimage.dll

dbghelp: loaded successfully - version: 4.0.5 - missing functions: none
symbol engine: initialized successfully - sym options: 0x614 - pdb path: .;D:\software\IntelliJ IDEA 2019.3.3\jbr\bin;C:\Windows\SYSTEM32;C:\Windows\WinSxS\amd64_microsoft.windows.common-controls_6595b64144ccf1df_6.0.18362.175_none_e6c3ab1f131014c9;D:\software\IntelliJ IDEA 2019.3.3\jbr\bin\server

VM Arguments:
java_command: org.jetbrains.git4idea.http.GitAskPassApp Username for 'https://github.com': 
java_class_path (initial): D:/software/IntelliJ IDEA 2019.3.3/plugins/git4idea/lib/git4idea-rt.jar;D:/software/IntelliJ IDEA 2019.3.3/lib/xmlrpc-2.0.1.jar;D:/software/IntelliJ IDEA 2019.3.3/lib/commons-codec-1.13.jar;D:/software/IntelliJ IDEA 2019.3.3/lib/util.jar
Launcher Type: SUN_STANDARD

[Global flags]
     intx CICompilerCount                          = 3                                         {product} {ergonomic}
     uint ConcGCThreads                            = 1                                         {product} {ergonomic}
     uint G1ConcRefinementThreads                  = 4                                         {product} {ergonomic}
   size_t G1HeapRegionSize                         = 1048576                                   {product} {ergonomic}
    uintx GCDrainStackTargetSize                   = 64                                        {product} {ergonomic}
   size_t InitialHeapSize                          = 134217728                                 {product} {ergonomic}
   size_t MarkStackSize                            = 4194304                                   {product} {ergonomic}
   size_t MaxHeapSize                              = 2139095040                                {product} {ergonomic}
   size_t MinHeapDeltaBytes                        = 1048576                                   {product} {ergonomic}
    uintx NonNMethodCodeHeapSize                   = 5830732                                {pd product} {ergonomic}
    uintx NonProfiledCodeHeapSize                  = 122913754                              {pd product} {ergonomic}
    uintx ProfiledCodeHeapSize                     = 122913754                              {pd product} {ergonomic}
    uintx ReservedCodeCacheSize                    = 251658240                              {pd product} {ergonomic}
     bool SegmentedCodeCache                       = true                                      {product} {ergonomic}
     bool UseCompressedClassPointers               = true                                 {lp64_product} {ergonomic}
     bool UseCompressedOops                        = true                                 {lp64_product} {ergonomic}
     bool UseG1GC                                  = true                                      {product} {ergonomic}
     bool UseLargePagesIndividualAllocation        = false                                  {pd product} {ergonomic}

Logging:
Log output configuration:
 #0: stdout all=warning uptime,level,tags
 #1: stderr all=off uptime,level,tags

Environment Variables:
JAVA_HOME=C:\Program Files\Java\jdk1.8.0_241
CLASSPATH=.;C:\Program Files\Java\jdk1.8.0_241\bin;C:\Program Files\Java\jdk1.8.0_241\lib\dt.jar;C:\Program Files\Java\jdk1.8.0_241\lib\tools.jar
PATH=C:\Program Files\Git\mingw64\libexec\git-core;C:\Program Files\Git\mingw64\libexec\git-core;C:\Program Files\Git\mingw64\bin;C:\Program Files\Git\usr\bin;C:\Users\Administrator\bin;C:\Program Files (x86)\NetSarang\Xftp 6;C:\Program Files\Java\jdk1.8.0_241\bin;C:\Program Files\Java\jdk1.8.0_241\jre\bin;C:\Program Files (x86)\Common Files\Oracle\Java\javapath;C:\Windows\system32;C:\Windows;C:\Windows\System32\Wbem;C:\Windows\System32\WindowsPowerShell\v1.0;C:\Windows\System32\OpenSSH;C:\Program Files (x86)\NVIDIA Corporation\PhysX\Common;C:\Program Files\NVIDIA Corporation\NVIDIA NvDLISR;C:\Program Files\Git\cmd;C:\Users\Administrator\AppData\Local\Microsoft\WindowsApps
USERNAME=Administrator
DISPLAY=:0.0
OS=Windows_NT
PROCESSOR_IDENTIFIER=Intel64 Family 6 Model 58 Stepping 9, GenuineIntel



---------------  S Y S T E M  ---------------

OS: Windows 10 , 64 bit Build 18362 (10.0.18362.86)

CPU:total 4 (initial active 4) (4 cores per cpu, 1 threads per core) family 6 model 58 stepping 9, cmov, cx8, fxsr, mmx, sse, sse2, sse3, ssse3, sse4.1, sse4.2, popcnt, avx, aes, clmul, erms, tsc, tscinvbit, tscinv

Memory: 4k page, system-wide physical 8156M (1809M free)
TotalPageFile size 12252M (AvailPageFile size 79M)
current process WorkingSet (physical memory assigned to process): 9M, peak: 9M
current process commit charge ("private bytes"): 51M, peak: 179M

vm_info: OpenJDK 64-Bit Server VM (11.0.5+10-b520.38) for windows-amd64 JRE (11.0.5+10-b520.38), built on Jan 23 2020 07:58:32 by "" with MS VC++ 14.0 (VS2015)

END.
